<?xml version="1.0" encoding="UTF-8" ?>
<testsuite errors="0" failures="0" hostname="BDC3-LX-5296DDG" name="test.calc.CalcTest" skipped="0" tests="6" time="0.23" timestamp="2018-06-06T09:56:43">
  <properties>
    <property name="java.vendor" value="Oracle Corporation" />
    <property name="sun.java.launcher" value="SUN_STANDARD" />
    <property name="sonar.projectName" value="Simple Calculator" />
    <property name="eclipse.pdebuild.templates" value="/C:/Users/a.d.venkatachalam/Downloads/eclipse-jee-neon-3-win32-x86_64/eclipse/plugins/org.eclipse.pde.build_3.9.200.v20160204-0642/templates/" />
    <property name="sonar.java.binaries" value="build" />
    <property name="sun.management.compiler" value="HotSpot 64-Bit Tiered Compilers" />
    <property name="cobertura-check" value="net.sourceforge.cobertura.ant.CheckTask" />
    <property name="cobertura-merge" value="net.sourceforge.cobertura.ant.MergeTask" />
    <property name="os.name" value="Windows 10" />
    <property name="sun.boot.class.path" value="C:\Program Files\Java\jre1.8.0_171\lib\resources.jar;C:\Program Files\Java\jre1.8.0_171\lib\rt.jar;C:\Program Files\Java\jre1.8.0_171\lib\sunrsasign.jar;C:\Program Files\Java\jre1.8.0_171\lib\jsse.jar;C:\Program Files\Java\jre1.8.0_171\lib\jce.jar;C:\Program Files\Java\jre1.8.0_171\lib\charsets.jar;C:\Program Files\Java\jre1.8.0_171\lib\jfr.jar;C:\Program Files\Java\jre1.8.0_171\classes" />
    <property name="sun.desktop" value="windows" />
    <property name="java.vm.specification.vendor" value="Oracle Corporation" />
    <property name="net.sourceforge.cobertura.datafile" value="C:\ANT-Calc\Calc-ant\cobertura.ser" />
    <property name="ant.home" value="C:\Users\a.d.venkatachalam\Downloads\eclipse-jee-neon-3-win32-x86_64\eclipse\plugins\org.apache.ant_1.9.6.v201510161327" />
    <property name="sonar.projectVersion" value="1.0" />
    <property name="java.runtime.version" value="1.8.0_171-b11" />
    <property name="ant.file.calculator" value="C:\ANT-Calc\Calc-ant\build.xml" />
    <property name="cobertura.dir" value="C:\\cobertura-2.1.1" />
    <property name="user.name" value="a.d.venkatachalam" />
    <property name="ant.file.type.calculator" value="file" />
    <property name="user.language" value="en" />
    <property name="sun.boot.library.path" value="C:\Program Files\Java\jre1.8.0_171\bin" />
    <property name="ant.project.name" value="calculator" />
    <property name="java.version" value="1.8.0_171" />
    <property name="cobertura-instrument" value="net.sourceforge.cobertura.ant.InstrumentTask" />
    <property name="user.timezone" value="" />
    <property name="sun.arch.data.model" value="64" />
    <property name="sonar.host.url" value="http://localhost:9000" />
    <property name="java.endorsed.dirs" value="C:\Program Files\Java\jre1.8.0_171\lib\endorsed" />
    <property name="sun.cpu.isalist" value="amd64" />
    <property name="sun.jnu.encoding" value="Cp1252" />
    <property name="file.encoding.pkg" value="sun.io" />
    <property name="cobertura-report" value="net.sourceforge.cobertura.ant.ReportTask" />
    <property name="file.separator" value="\" />
    <property name="java.specification.name" value="Java Platform API Specification" />
    <property name="sonar.sources" value="src" />
    <property name="java.class.version" value="52.0" />
    <property name="user.country" value="US" />
    <property name="java.home" value="C:\Program Files\Java\jre1.8.0_171" />
    <property name="java.vm.info" value="mixed mode" />
    <property name="sonar.libraries" value=".\\lib\\sonarqube-ant-task-2.5.jar" />
    <property name="ant.file" value="C:\ANT-Calc\Calc-ant\build.xml" />
    <property name="os.version" value="10.0" />
    <property name="path.separator" value=";" />
    <property name="java.vm.version" value="25.171-b11" />
    <property name="user.variant" value="" />
    <property name="ant.library.dir" value="C:\Users\a.d.venkatachalam\Downloads\eclipse-jee-neon-3-win32-x86_64\eclipse\plugins\org.apache.ant_1.9.6.v201510161327\lib" />
    <property name="java.awt.printerjob" value="sun.awt.windows.WPrinterJob" />
    <property name="sun.io.unicode.encoding" value="UnicodeLittle" />
    <property name="awt.toolkit" value="sun.awt.windows.WToolkit" />
    <property name="user.script" value="" />
    <property name="eclipse.pdebuild.scripts" value="/C:/Users/a.d.venkatachalam/Downloads/eclipse-jee-neon-3-win32-x86_64/eclipse/plugins/org.eclipse.pde.build_3.9.200.v20160204-0642/scripts/" />
    <property name="user.home" value="C:\Users\a.d.venkatachalam" />
    <property name="sonar.language" value="java" />
    <property name="java.specification.vendor" value="Oracle Corporation" />
    <property name="java.library.path" value="C:\Program Files\Java\jre1.8.0_171\bin;C:\WINDOWS\Sun\Java\bin;C:\WINDOWS\system32;C:\WINDOWS;C:/Program Files/Java/jre1.8.0_171/bin/server;C:/Program Files/Java/jre1.8.0_171/bin;C:/Program Files/Java/jre1.8.0_171/lib/amd64;C:\Program Files (x86)\Common Files\Oracle\Java\javapath;C:\ProgramData\Oracle\Java\javapath;C:\WINDOWS\system32;C:\WINDOWS;C:\WINDOWS\System32\Wbem;C:\WINDOWS\System32\WindowsPowerShell\v1.0\;C:\Program Files\Git\cmd;C:\Users\a.d.venkatachalam\AppData\Local\Microsoft\WindowsApps;;C:\Users\a.d.venkatachalam\Downloads\eclipse-jee-neon-3-win32-x86_64\eclipse;;." />
    <property name="java.vendor.url" value="http://java.oracle.com/" />
    <property name="java.vm.vendor" value="Oracle Corporation" />
    <property name="java.runtime.name" value="Java(TM) SE Runtime Environment" />
    <property name="sun.java.command" value="org.apache.tools.ant.taskdefs.optional.junit.JUnitTestRunner test.calc.CalcTest skipNonTests=false filtertrace=true haltOnError=false haltOnFailure=true formatter=org.apache.tools.ant.taskdefs.optional.junit.SummaryJUnitResultFormatter showoutput=false outputtoformatters=true logfailedtests=true threadid=0 logtestlistenerevents=false formatter=org.apache.tools.ant.taskdefs.optional.junit.XMLJUnitResultFormatter,C:\ANT-Calc\Calc-ant\build\report\TEST-test.calc.CalcTest.xml crashfile=C:\ANT-Calc\Calc-ant\junitvmwatcher1782393733307370377.properties propsfile=C:\ANT-Calc\Calc-ant\junit4934754888551711271.properties" />
    <property name="java.class.path" value="C:\ANT-Calc\Calc-ant\build\classes;C:\cobertura-2.1.1\cobertura-2.1.1-javadoc.jar;C:\cobertura-2.1.1\cobertura-2.1.1-sources.jar;C:\cobertura-2.1.1\cobertura-2.1.1.jar;C:\cobertura-2.1.1\lib\asm-5.0.1.jar;C:\cobertura-2.1.1\lib\asm-analysis-5.0.1.jar;C:\cobertura-2.1.1\lib\asm-commons-5.0.1.jar;C:\cobertura-2.1.1\lib\asm-tree-5.0.1.jar;C:\cobertura-2.1.1\lib\asm-util-5.0.1.jar;C:\cobertura-2.1.1\lib\commons-lang3-3.3.2.jar;C:\cobertura-2.1.1\lib\hamcrest-core-1.3.jar;C:\cobertura-2.1.1\lib\jaxen-1.1.4.jar;C:\cobertura-2.1.1\lib\jetty-6.1.14.jar;C:\cobertura-2.1.1\lib\jetty-util-6.1.14.jar;C:\cobertura-2.1.1\lib\junit-4.11.jar;C:\cobertura-2.1.1\lib\logback-classic-1.0.13.jar;C:\cobertura-2.1.1\lib\logback-core-1.0.13.jar;C:\cobertura-2.1.1\lib\oro-2.0.8.jar;C:\cobertura-2.1.1\lib\servlet-api-2.5-6.1.14.jar;C:\cobertura-2.1.1\lib\slf4j-api-1.7.5.jar;C:\ANT-Calc\Calc-ant\lib\junit.jar;C:\ANT-Calc\Calc-ant\lib\hamcrest-core-1.3.jar;C:\ANT-Calc\Calc-ant\lib\sonar-application-6.5.jar;C:\ANT-Calc\Calc-ant\lib\sonarqube-ant-task-2.5.jar;C:\Users\a.d.venkatachalam\Downloads\eclipse-jee-neon-3-win32-x86_64\eclipse\plugins\org.apache.ant_1.9.6.v201510161327\lib\ant-launcher.jar;C:\Users\a.d.venkatachalam\Downloads\eclipse-jee-neon-3-win32-x86_64\eclipse\plugins\org.apache.ant_1.9.6.v201510161327\lib\ant.jar;C:\Users\a.d.venkatachalam\Downloads\eclipse-jee-neon-3-win32-x86_64\eclipse\plugins\org.apache.ant_1.9.6.v201510161327\lib\ant-junit.jar;C:\Users\a.d.venkatachalam\Downloads\eclipse-jee-neon-3-win32-x86_64\eclipse\plugins\org.apache.ant_1.9.6.v201510161327\lib\ant-junit4.jar" />
    <property name="ant.version" value="Apache Ant(TM) version 1.9.6 compiled on June 29 2015" />
    <property name="cob.reports.dir" value="C:\\cobertura-2.1.1/reports" />
    <property name="java.vm.specification.name" value="Java Virtual Machine Specification" />
    <property name="java.vm.specification.version" value="1.8" />
    <property name="sonar.sourceEncoding" value="UTF-8" />
    <property name="sun.cpu.endian" value="little" />
    <property name="sun.os.patch.level" value="" />
    <property name="eclipse.pdebuild.home" value="/C:/Users/a.d.venkatachalam/Downloads/eclipse-jee-neon-3-win32-x86_64/eclipse/plugins/org.eclipse.pde.build_3.9.200.v20160204-0642/./" />
    <property name="java.io.tmpdir" value="C:\Users\ADA59B~1.VEN\AppData\Local\Temp\" />
    <property name="java.vendor.url.bug" value="http://bugreport.sun.com/bugreport/" />
    <property name="cob.coverage.xml.dir" value="C:\\cobertura-2.1.1/reports/cobertura-xml" />
    <property name="os.arch" value="amd64" />
    <property name="java.awt.graphicsenv" value="sun.awt.Win32GraphicsEnvironment" />
    <property name="java.ext.dirs" value="C:\Program Files\Java\jre1.8.0_171\lib\ext;C:\WINDOWS\Sun\Java\lib\ext" />
    <property name="user.dir" value="C:\ANT-Calc\Calc-ant" />
    <property name="line.separator" value="&#xd;&#xa;" />
    <property name="java.vm.name" value="Java HotSpot(TM) 64-Bit Server VM" />
    <property name="basedir" value="C:\ANT-Calc\Calc-ant" />
    <property name="ant.java.version" value="1.8" />
    <property name="ant.core.lib" value="C:\Users\a.d.venkatachalam\Downloads\eclipse-jee-neon-3-win32-x86_64\eclipse\plugins\org.apache.ant_1.9.6.v201510161327\lib\ant.jar" />
    <property name="file.encoding" value="Cp1252" />
    <property name="cob.coverage.html.dir" value="C:\\cobertura-2.1.1/reports/cobertura-html" />
    <property name="java.specification.version" value="1.8" />
    <property name="cob.instrumented.dir" value="C:\\cobertura-2.1.1/instrumented" />
    <property name="ant.project.invoked-targets" value="clean,compile,test,sonar,war,copy" />
    <property name="sonar.projectKey" value="CalcKey" />
  </properties>
  <testcase classname="test.calc.CalcTest" name="testDoAdd1" time="0.005" />
  <testcase classname="test.calc.CalcTest" name="testDoAdd2" time="0.0" />
  <testcase classname="test.calc.CalcTest" name="testDoDiv1" time="0.0" />
  <testcase classname="test.calc.CalcTest" name="testDoDiv2" time="0.001" />
  <testcase classname="test.calc.CalcTest" name="testDoMul1" time="0.001" />
  <testcase classname="test.calc.CalcTest" name="testDoMul2" time="0.0" />
  <system-out><![CDATA[]]></system-out>
  <system-err><![CDATA[]]></system-err>
</testsuite>
